<?xml version="1.0" encoding="UTF-8"?>
<coverage generated="1616614793627" clover="3.2.0">
  <project timestamp="1616614793628" name="All files">
    <metrics statements="254" coveredstatements="231" conditionals="48" coveredconditionals="38" methods="32" coveredmethods="29" elements="334" coveredelements="298" complexity="0" loc="254" ncloc="254" packages="6" files="13" classes="13"/>
    <package name="nodejs-hw2-6">
      <metrics statements="26" coveredstatements="24" conditionals="4" coveredconditionals="2" methods="3" coveredmethods="1"/>
      <file name="app.js" path="C:\Users\35088\Desktop\GoIt-22\node\nodejs-hw2-6\app.js">
        <metrics statements="26" coveredstatements="24" conditionals="4" coveredconditionals="2" methods="3" coveredmethods="1"/>
        <line num="1" count="2" type="stmt"/>
        <line num="2" count="2" type="stmt"/>
        <line num="3" count="2" type="stmt"/>
        <line num="4" count="2" type="stmt"/>
        <line num="5" count="2" type="stmt"/>
        <line num="6" count="2" type="stmt"/>
        <line num="7" count="2" type="stmt"/>
        <line num="8" count="2" type="stmt"/>
        <line num="9" count="2" type="stmt"/>
        <line num="11" count="2" type="stmt"/>
        <line num="13" count="2" type="cond" truecount="1" falsecount="1"/>
        <line num="15" count="2" type="stmt"/>
        <line num="16" count="2" type="stmt"/>
        <line num="17" count="2" type="stmt"/>
        <line num="18" count="2" type="stmt"/>
        <line num="19" count="2" type="stmt"/>
        <line num="21" count="2" type="stmt"/>
        <line num="25" count="0" type="stmt"/>
        <line num="34" count="2" type="stmt"/>
        <line num="35" count="2" type="stmt"/>
        <line num="36" count="2" type="stmt"/>
        <line num="38" count="2" type="stmt"/>
        <line num="39" count="0" type="stmt"/>
        <line num="42" count="2" type="stmt"/>
        <line num="43" count="10" type="stmt"/>
        <line num="48" count="2" type="stmt"/>
      </file>
    </package>
    <package name="nodejs-hw2-6.config">
      <metrics statements="15" coveredstatements="12" conditionals="4" coveredconditionals="2" methods="1" coveredmethods="1"/>
      <file name="passport.js" path="C:\Users\35088\Desktop\GoIt-22\node\nodejs-hw2-6\config\passport.js">
        <metrics statements="15" coveredstatements="12" conditionals="4" coveredconditionals="2" methods="1" coveredmethods="1"/>
        <line num="1" count="2" type="stmt"/>
        <line num="2" count="2" type="stmt"/>
        <line num="3" count="2" type="stmt"/>
        <line num="4" count="2" type="stmt"/>
        <line num="6" count="2" type="stmt"/>
        <line num="8" count="2" type="stmt"/>
        <line num="13" count="2" type="stmt"/>
        <line num="15" count="20" type="stmt"/>
        <line num="16" count="20" type="stmt"/>
        <line num="17" count="20" type="cond" truecount="1" falsecount="1"/>
        <line num="18" count="0" type="stmt"/>
        <line num="20" count="20" type="cond" truecount="1" falsecount="1"/>
        <line num="21" count="0" type="stmt"/>
        <line num="23" count="20" type="stmt"/>
        <line num="25" count="0" type="stmt"/>
      </file>
    </package>
    <package name="nodejs-hw2-6.controllers">
      <metrics statements="118" coveredstatements="103" conditionals="25" coveredconditionals="20" methods="13" coveredmethods="13"/>
      <file name="contacts.js" path="C:\Users\35088\Desktop\GoIt-22\node\nodejs-hw2-6\controllers\contacts.js">
        <metrics statements="36" coveredstatements="30" conditionals="11" coveredconditionals="8" methods="5" coveredmethods="5"/>
        <line num="1" count="2" type="stmt"/>
        <line num="2" count="2" type="stmt"/>
        <line num="4" count="2" type="stmt"/>
        <line num="5" count="1" type="stmt"/>
        <line num="6" count="1" type="stmt"/>
        <line num="7" count="1" type="stmt"/>
        <line num="15" count="0" type="stmt"/>
        <line num="19" count="2" type="stmt"/>
        <line num="20" count="2" type="stmt"/>
        <line num="21" count="2" type="stmt"/>
        <line num="22" count="2" type="cond" truecount="2" falsecount="0"/>
        <line num="23" count="1" type="stmt"/>
        <line num="31" count="1" type="stmt"/>
        <line num="38" count="0" type="stmt"/>
        <line num="42" count="2" type="stmt"/>
        <line num="43" count="1" type="stmt"/>
        <line num="44" count="1" type="stmt"/>
        <line num="45" count="1" type="stmt"/>
        <line num="53" count="0" type="stmt"/>
        <line num="57" count="2" type="stmt"/>
        <line num="58" count="2" type="stmt"/>
        <line num="59" count="2" type="stmt"/>
        <line num="60" count="2" type="cond" truecount="2" falsecount="0"/>
        <line num="61" count="1" type="stmt"/>
        <line num="67" count="1" type="stmt"/>
        <line num="74" count="0" type="stmt"/>
        <line num="78" count="2" type="stmt"/>
        <line num="79" count="2" type="stmt"/>
        <line num="80" count="2" type="cond" truecount="2" falsecount="3"/>
        <line num="81" count="0" type="stmt"/>
        <line num="87" count="2" type="stmt"/>
        <line num="92" count="2" type="cond" truecount="2" falsecount="0"/>
        <line num="93" count="1" type="stmt"/>
        <line num="101" count="1" type="stmt"/>
        <line num="108" count="0" type="stmt"/>
        <line num="112" count="2" type="stmt"/>
      </file>
      <file name="users.js" path="C:\Users\35088\Desktop\GoIt-22\node\nodejs-hw2-6\controllers\users.js">
        <metrics statements="82" coveredstatements="73" conditionals="14" coveredconditionals="12" methods="8" coveredmethods="8"/>
        <line num="1" count="2" type="stmt"/>
        <line num="2" count="2" type="stmt"/>
        <line num="3" count="2" type="stmt"/>
        <line num="4" count="2" type="stmt"/>
        <line num="5" count="2" type="stmt"/>
        <line num="6" count="2" type="stmt"/>
        <line num="7" count="2" type="stmt"/>
        <line num="8" count="2" type="stmt"/>
        <line num="9" count="2" type="stmt"/>
        <line num="10" count="2" type="stmt"/>
        <line num="12" count="2" type="stmt"/>
        <line num="13" count="2" type="stmt"/>
        <line num="15" count="2" type="stmt"/>
        <line num="16" count="2" type="stmt"/>
        <line num="17" count="2" type="stmt"/>
        <line num="18" count="2" type="cond" truecount="2" falsecount="0"/>
        <line num="19" count="1" type="stmt"/>
        <line num="25" count="1" type="stmt"/>
        <line num="26" count="1" type="stmt"/>
        <line num="27" count="1" type="stmt"/>
        <line num="28" count="1" type="stmt"/>
        <line num="33" count="1" type="stmt"/>
        <line num="43" count="0" type="stmt"/>
        <line num="47" count="2" type="stmt"/>
        <line num="48" count="4" type="stmt"/>
        <line num="49" count="4" type="stmt"/>
        <line num="50" count="4" type="stmt"/>
        <line num="51" count="4" type="cond" truecount="4" falsecount="0"/>
        <line num="52" count="2" type="stmt"/>
        <line num="58" count="2" type="cond" truecount="2" falsecount="0"/>
        <line num="59" count="1" type="stmt"/>
        <line num="65" count="1" type="stmt"/>
        <line num="66" count="1" type="stmt"/>
        <line num="67" count="1" type="stmt"/>
        <line num="68" count="1" type="stmt"/>
        <line num="69" count="1" type="stmt"/>
        <line num="82" count="0" type="stmt"/>
        <line num="86" count="2" type="stmt"/>
        <line num="87" count="1" type="stmt"/>
        <line num="88" count="1" type="stmt"/>
        <line num="89" count="1" type="cond" truecount="1" falsecount="1"/>
        <line num="90" count="0" type="stmt"/>
        <line num="96" count="1" type="stmt"/>
        <line num="97" count="1" type="stmt"/>
        <line num="99" count="0" type="stmt"/>
        <line num="103" count="2" type="stmt"/>
        <line num="104" count="1" type="stmt"/>
        <line num="105" count="1" type="stmt"/>
        <line num="106" count="1" type="cond" truecount="1" falsecount="1"/>
        <line num="107" count="0" type="stmt"/>
        <line num="113" count="1" type="stmt"/>
        <line num="121" count="0" type="stmt"/>
        <line num="125" count="2" type="stmt"/>
        <line num="126" count="1" type="stmt"/>
        <line num="127" count="1" type="stmt"/>
        <line num="128" count="1" type="stmt"/>
        <line num="129" count="1" type="stmt"/>
        <line num="138" count="0" type="stmt"/>
        <line num="142" count="2" type="stmt"/>
        <line num="143" count="1" type="stmt"/>
        <line num="144" count="1" type="stmt"/>
        <line num="145" count="1" type="stmt"/>
        <line num="146" count="1" type="stmt"/>
        <line num="154" count="0" type="stmt"/>
        <line num="158" count="2" type="stmt"/>
        <line num="159" count="1" type="stmt"/>
        <line num="160" count="1" type="stmt"/>
        <line num="161" count="1" type="stmt"/>
        <line num="162" count="1" type="stmt"/>
        <line num="167" count="1" type="stmt"/>
        <line num="168" count="1" type="stmt"/>
        <line num="172" count="1" type="stmt"/>
        <line num="176" count="1" type="stmt"/>
        <line num="179" count="2" type="stmt"/>
        <line num="180" count="2" type="stmt"/>
        <line num="181" count="2" type="stmt"/>
        <line num="184" count="2" type="cond" truecount="2" falsecount="0"/>
        <line num="185" count="1" type="stmt"/>
        <line num="186" count="1" type="stmt"/>
        <line num="192" count="1" type="stmt"/>
        <line num="198" count="0" type="stmt"/>
        <line num="202" count="2" type="stmt"/>
      </file>
    </package>
    <package name="nodejs-hw2-6.helpers">
      <metrics statements="43" coveredstatements="40" conditionals="9" coveredconditionals="8" methods="8" coveredmethods="7"/>
      <file name="constants.js" path="C:\Users\35088\Desktop\GoIt-22\node\nodejs-hw2-6\helpers\constants.js">
        <metrics statements="4" coveredstatements="4" conditionals="0" coveredconditionals="0" methods="0" coveredmethods="0"/>
        <line num="1" count="2" type="stmt"/>
        <line num="7" count="2" type="stmt"/>
        <line num="19" count="2" type="stmt"/>
        <line num="24" count="2" type="stmt"/>
      </file>
      <file name="create-dir.js" path="C:\Users\35088\Desktop\GoIt-22\node\nodejs-hw2-6\helpers\create-dir.js">
        <metrics statements="10" coveredstatements="8" conditionals="2" coveredconditionals="1" methods="2" coveredmethods="2"/>
        <line num="1" count="2" type="stmt"/>
        <line num="3" count="2" type="stmt"/>
        <line num="4" count="1" type="stmt"/>
        <line num="5" count="1" type="stmt"/>
        <line num="6" count="1" type="stmt"/>
        <line num="8" count="0" type="stmt"/>
        <line num="12" count="2" type="stmt"/>
        <line num="13" count="1" type="cond" truecount="1" falsecount="1"/>
        <line num="14" count="0" type="stmt"/>
        <line num="18" count="2" type="stmt"/>
      </file>
      <file name="guard.js" path="C:\Users\35088\Desktop\GoIt-22\node\nodejs-hw2-6\helpers\guard.js">
        <metrics statements="11" coveredstatements="11" conditionals="5" coveredconditionals="5" methods="2" coveredmethods="2"/>
        <line num="1" count="2" type="stmt"/>
        <line num="2" count="2" type="stmt"/>
        <line num="3" count="2" type="stmt"/>
        <line num="5" count="2" type="stmt"/>
        <line num="6" count="22" type="stmt"/>
        <line num="7" count="22" type="stmt"/>
        <line num="9" count="22" type="cond" truecount="5" falsecount="0"/>
        <line num="10" count="2" type="stmt"/>
        <line num="18" count="20" type="stmt"/>
        <line num="19" count="20" type="stmt"/>
        <line num="23" count="2" type="stmt"/>
      </file>
      <file name="rate-limit-reg.js" path="C:\Users\35088\Desktop\GoIt-22\node\nodejs-hw2-6\helpers\rate-limit-reg.js">
        <metrics statements="5" coveredstatements="4" conditionals="0" coveredconditionals="0" methods="1" coveredmethods="0"/>
        <line num="1" count="2" type="stmt"/>
        <line num="2" count="2" type="stmt"/>
        <line num="4" count="2" type="stmt"/>
        <line num="8" count="0" type="stmt"/>
        <line num="17" count="2" type="stmt"/>
      </file>
      <file name="upload.js" path="C:\Users\35088\Desktop\GoIt-22\node\nodejs-hw2-6\helpers\upload.js">
        <metrics statements="13" coveredstatements="13" conditionals="2" coveredconditionals="2" methods="3" coveredmethods="3"/>
        <line num="1" count="2" type="stmt"/>
        <line num="2" count="2" type="stmt"/>
        <line num="3" count="2" type="stmt"/>
        <line num="5" count="2" type="stmt"/>
        <line num="7" count="2" type="stmt"/>
        <line num="9" count="1" type="stmt"/>
        <line num="12" count="1" type="stmt"/>
        <line num="16" count="2" type="stmt"/>
        <line num="20" count="2" type="cond" truecount="2" falsecount="0"/>
        <line num="21" count="1" type="stmt"/>
        <line num="22" count="1" type="stmt"/>
        <line num="24" count="1" type="stmt"/>
        <line num="28" count="2" type="stmt"/>
      </file>
    </package>
    <package name="nodejs-hw2-6.routes.api.contacts">
      <metrics statements="21" coveredstatements="21" conditionals="2" coveredconditionals="2" methods="3" coveredmethods="3"/>
      <file name="index.js" path="C:\Users\35088\Desktop\GoIt-22\node\nodejs-hw2-6\routes\api\contacts\index.js">
        <metrics statements="8" coveredstatements="8" conditionals="0" coveredconditionals="0" methods="0" coveredmethods="0"/>
        <line num="1" count="2" type="stmt"/>
        <line num="2" count="2" type="stmt"/>
        <line num="4" count="2" type="stmt"/>
        <line num="5" count="2" type="stmt"/>
        <line num="6" count="2" type="stmt"/>
        <line num="8" count="2" type="stmt"/>
        <line num="12" count="2" type="stmt"/>
        <line num="22" count="2" type="stmt"/>
      </file>
      <file name="validation.js" path="C:\Users\35088\Desktop\GoIt-22\node\nodejs-hw2-6\routes\api\contacts\validation.js">
        <metrics statements="13" coveredstatements="13" conditionals="2" coveredconditionals="2" methods="3" coveredmethods="3"/>
        <line num="1" count="2" type="stmt"/>
        <line num="2" count="2" type="stmt"/>
        <line num="4" count="2" type="stmt"/>
        <line num="14" count="2" type="stmt"/>
        <line num="24" count="2" type="stmt"/>
        <line num="25" count="8" type="stmt"/>
        <line num="26" count="8" type="cond" truecount="2" falsecount="0"/>
        <line num="27" count="5" type="stmt"/>
        <line num="28" count="5" type="stmt"/>
        <line num="33" count="3" type="stmt"/>
        <line num="37" count="5" type="stmt"/>
        <line num="41" count="3" type="stmt"/>
        <line num="44" count="2" type="stmt"/>
      </file>
    </package>
    <package name="nodejs-hw2-6.routes.api.users">
      <metrics statements="31" coveredstatements="31" conditionals="4" coveredconditionals="4" methods="4" coveredmethods="4"/>
      <file name="index.js" path="C:\Users\35088\Desktop\GoIt-22\node\nodejs-hw2-6\routes\api\users\index.js">
        <metrics statements="15" coveredstatements="15" conditionals="0" coveredconditionals="0" methods="0" coveredmethods="0"/>
        <line num="1" count="2" type="stmt"/>
        <line num="2" count="2" type="stmt"/>
        <line num="3" count="2" type="stmt"/>
        <line num="4" count="2" type="stmt"/>
        <line num="5" count="2" type="stmt"/>
        <line num="6" count="2" type="stmt"/>
        <line num="7" count="2" type="stmt"/>
        <line num="9" count="2" type="stmt"/>
        <line num="15" count="2" type="stmt"/>
        <line num="16" count="2" type="stmt"/>
        <line num="17" count="2" type="stmt"/>
        <line num="18" count="2" type="stmt"/>
        <line num="23" count="2" type="stmt"/>
        <line num="28" count="2" type="stmt"/>
        <line num="29" count="2" type="stmt"/>
      </file>
      <file name="validation.js" path="C:\Users\35088\Desktop\GoIt-22\node\nodejs-hw2-6\routes\api\users\validation.js">
        <metrics statements="16" coveredstatements="16" conditionals="4" coveredconditionals="4" methods="4" coveredmethods="4"/>
        <line num="1" count="2" type="stmt"/>
        <line num="2" count="2" type="stmt"/>
        <line num="4" count="2" type="stmt"/>
        <line num="9" count="2" type="stmt"/>
        <line num="17" count="2" type="stmt"/>
        <line num="18" count="10" type="stmt"/>
        <line num="19" count="10" type="cond" truecount="2" falsecount="0"/>
        <line num="20" count="3" type="stmt"/>
        <line num="21" count="3" type="stmt"/>
        <line num="26" count="7" type="stmt"/>
        <line num="30" count="8" type="stmt"/>
        <line num="33" count="2" type="stmt"/>
        <line num="37" count="3" type="cond" truecount="2" falsecount="0"/>
        <line num="38" count="2" type="stmt"/>
        <line num="43" count="1" type="stmt"/>
        <line num="46" count="2" type="stmt"/>
      </file>
    </package>
  </project>
</coverage>
