{"C:\\Users\\35088\\Desktop\\GoIt-22\\node\\nodejs-hw2-6\\app.js": {"path":"C:\\Users\\35088\\Desktop\\GoIt-22\\node\\nodejs-hw2-6\\app.js","statementMap":{"0":{"start":{"line":1,"column":16},"end":{"line":1,"column":34}},"1":{"start":{"line":2,"column":15},"end":{"line":2,"column":32}},"2":{"start":{"line":3,"column":13},"end":{"line":3,"column":28}},"3":{"start":{"line":4,"column":15},"end":{"line":4,"column":32}},"4":{"start":{"line":5,"column":18},"end":{"line":5,"column":47}},"5":{"start":{"line":6,"column":23},"end":{"line":6,"column":55}},"6":{"start":{"line":7,"column":20},"end":{"line":7,"column":49}},"7":{"start":{"line":8,"column":29},"end":{"line":8,"column":59}},"8":{"start":{"line":9,"column":0},"end":{"line":9,"column":27}},"9":{"start":{"line":11,"column":12},"end":{"line":11,"column":21}},"10":{"start":{"line":13,"column":22},"end":{"line":13,"column":72}},"11":{"start":{"line":15,"column":0},"end":{"line":15,"column":48}},"12":{"start":{"line":16,"column":0},"end":{"line":16,"column":18}},"13":{"start":{"line":17,"column":0},"end":{"line":17,"column":31}},"14":{"start":{"line":18,"column":0},"end":{"line":18,"column":16}},"15":{"start":{"line":19,"column":0},"end":{"line":19,"column":40}},"16":{"start":{"line":21,"column":19},"end":{"line":32,"column":2}},"17":{"start":{"line":25,"column":4},"end":{"line":30,"column":7}},"18":{"start":{"line":34,"column":0},"end":{"line":34,"column":29}},"19":{"start":{"line":35,"column":0},"end":{"line":35,"column":35}},"20":{"start":{"line":36,"column":0},"end":{"line":36,"column":41}},"21":{"start":{"line":38,"column":0},"end":{"line":40,"column":3}},"22":{"start":{"line":39,"column":2},"end":{"line":39,"column":64}},"23":{"start":{"line":42,"column":0},"end":{"line":46,"column":3}},"24":{"start":{"line":43,"column":2},"end":{"line":45,"column":36}},"25":{"start":{"line":48,"column":0},"end":{"line":48,"column":21}}},"fnMap":{"0":{"name":"(anonymous_0)","decl":{"start":{"line":24,"column":11},"end":{"line":24,"column":12}},"loc":{"start":{"line":24,"column":33},"end":{"line":31,"column":3}},"line":24},"1":{"name":"(anonymous_1)","decl":{"start":{"line":38,"column":8},"end":{"line":38,"column":9}},"loc":{"start":{"line":38,"column":23},"end":{"line":40,"column":1}},"line":38},"2":{"name":"(anonymous_2)","decl":{"start":{"line":42,"column":8},"end":{"line":42,"column":9}},"loc":{"start":{"line":42,"column":35},"end":{"line":46,"column":1}},"line":42}},"branchMap":{"0":{"loc":{"start":{"line":13,"column":22},"end":{"line":13,"column":72}},"type":"cond-expr","locations":[{"start":{"line":13,"column":57},"end":{"line":13,"column":62}},{"start":{"line":13,"column":65},"end":{"line":13,"column":72}}],"line":13},"1":{"loc":{"start":{"line":44,"column":12},"end":{"line":44,"column":56}},"type":"binary-expr","locations":[{"start":{"line":44,"column":12},"end":{"line":44,"column":22}},{"start":{"line":44,"column":26},"end":{"line":44,"column":56}}],"line":44}},"s":{"0":2,"1":2,"2":2,"3":2,"4":2,"5":2,"6":2,"7":2,"8":2,"9":2,"10":2,"11":2,"12":2,"13":2,"14":2,"15":2,"16":2,"17":0,"18":2,"19":2,"20":2,"21":2,"22":0,"23":2,"24":10,"25":2},"f":{"0":0,"1":0,"2":10},"b":{"0":[0,2],"1":[10,0]},"_coverageSchema":"1a1c01bbd47fc00a2c39e90264f33305004495a9","hash":"24f0c971ff2fcd081783639dc471175d4ec0bf0a"}
,"C:\\Users\\35088\\Desktop\\GoIt-22\\node\\nodejs-hw2-6\\config\\passport.js": {"path":"C:\\Users\\35088\\Desktop\\GoIt-22\\node\\nodejs-hw2-6\\config\\passport.js","statementMap":{"0":{"start":{"line":1,"column":17},"end":{"line":1,"column":36}},"1":{"start":{"line":2,"column":33},"end":{"line":2,"column":56}},"2":{"start":{"line":3,"column":14},"end":{"line":3,"column":39}},"3":{"start":{"line":4,"column":0},"end":{"line":4,"column":27}},"4":{"start":{"line":6,"column":19},"end":{"line":6,"column":41}},"5":{"start":{"line":8,"column":15},"end":{"line":11,"column":1}},"6":{"start":{"line":13,"column":0},"end":{"line":28,"column":2}},"7":{"start":{"line":15,"column":4},"end":{"line":26,"column":5}},"8":{"start":{"line":16,"column":19},"end":{"line":16,"column":51}},"9":{"start":{"line":17,"column":6},"end":{"line":19,"column":7}},"10":{"start":{"line":18,"column":8},"end":{"line":18,"column":49}},"11":{"start":{"line":20,"column":6},"end":{"line":22,"column":7}},"12":{"start":{"line":21,"column":8},"end":{"line":21,"column":33}},"13":{"start":{"line":23,"column":6},"end":{"line":23,"column":30}},"14":{"start":{"line":25,"column":6},"end":{"line":25,"column":16}}},"fnMap":{"0":{"name":"(anonymous_0)","decl":{"start":{"line":14,"column":23},"end":{"line":14,"column":24}},"loc":{"start":{"line":14,"column":48},"end":{"line":27,"column":3}},"line":14}},"branchMap":{"0":{"loc":{"start":{"line":17,"column":6},"end":{"line":19,"column":7}},"type":"if","locations":[{"start":{"line":17,"column":6},"end":{"line":19,"column":7}},{"start":{"line":17,"column":6},"end":{"line":19,"column":7}}],"line":17},"1":{"loc":{"start":{"line":20,"column":6},"end":{"line":22,"column":7}},"type":"if","locations":[{"start":{"line":20,"column":6},"end":{"line":22,"column":7}},{"start":{"line":20,"column":6},"end":{"line":22,"column":7}}],"line":20}},"s":{"0":2,"1":2,"2":2,"3":2,"4":2,"5":2,"6":2,"7":20,"8":20,"9":20,"10":0,"11":20,"12":0,"13":20,"14":0},"f":{"0":20},"b":{"0":[0,20],"1":[0,20]},"_coverageSchema":"1a1c01bbd47fc00a2c39e90264f33305004495a9","hash":"a875a4ed102c3ce1abf9fdb5025ce261018af1e9"}
,"C:\\Users\\35088\\Desktop\\GoIt-22\\node\\nodejs-hw2-6\\controllers\\contacts.js": {"path":"C:\\Users\\35088\\Desktop\\GoIt-22\\node\\nodejs-hw2-6\\controllers\\contacts.js","statementMap":{"0":{"start":{"line":1,"column":17},"end":{"line":1,"column":45}},"1":{"start":{"line":2,"column":21},"end":{"line":2,"column":52}},"2":{"start":{"line":4,"column":15},"end":{"line":17,"column":1}},"3":{"start":{"line":5,"column":2},"end":{"line":16,"column":3}},"4":{"start":{"line":6,"column":21},"end":{"line":6,"column":64}},"5":{"start":{"line":7,"column":4},"end":{"line":13,"column":7}},"6":{"start":{"line":15,"column":4},"end":{"line":15,"column":12}},"7":{"start":{"line":19,"column":16},"end":{"line":40,"column":1}},"8":{"start":{"line":20,"column":2},"end":{"line":39,"column":3}},"9":{"start":{"line":21,"column":20},"end":{"line":21,"column":76}},"10":{"start":{"line":22,"column":4},"end":{"line":36,"column":5}},"11":{"start":{"line":23,"column":6},"end":{"line":29,"column":9}},"12":{"start":{"line":31,"column":6},"end":{"line":35,"column":9}},"13":{"start":{"line":38,"column":4},"end":{"line":38,"column":12}},"14":{"start":{"line":42,"column":15},"end":{"line":55,"column":1}},"15":{"start":{"line":43,"column":2},"end":{"line":54,"column":3}},"16":{"start":{"line":44,"column":20},"end":{"line":44,"column":74}},"17":{"start":{"line":45,"column":4},"end":{"line":51,"column":7}},"18":{"start":{"line":53,"column":4},"end":{"line":53,"column":12}},"19":{"start":{"line":57,"column":15},"end":{"line":76,"column":1}},"20":{"start":{"line":58,"column":2},"end":{"line":75,"column":3}},"21":{"start":{"line":59,"column":20},"end":{"line":59,"column":75}},"22":{"start":{"line":60,"column":4},"end":{"line":72,"column":5}},"23":{"start":{"line":61,"column":6},"end":{"line":65,"column":9}},"24":{"start":{"line":67,"column":6},"end":{"line":71,"column":9}},"25":{"start":{"line":74,"column":4},"end":{"line":74,"column":12}},"26":{"start":{"line":78,"column":15},"end":{"line":110,"column":1}},"27":{"start":{"line":79,"column":2},"end":{"line":109,"column":3}},"28":{"start":{"line":80,"column":4},"end":{"line":86,"column":5}},"29":{"start":{"line":81,"column":6},"end":{"line":85,"column":9}},"30":{"start":{"line":87,"column":20},"end":{"line":91,"column":5}},"31":{"start":{"line":92,"column":4},"end":{"line":106,"column":5}},"32":{"start":{"line":93,"column":6},"end":{"line":99,"column":9}},"33":{"start":{"line":101,"column":6},"end":{"line":105,"column":9}},"34":{"start":{"line":108,"column":4},"end":{"line":108,"column":12}},"35":{"start":{"line":112,"column":0},"end":{"line":118,"column":2}}},"fnMap":{"0":{"name":"(anonymous_0)","decl":{"start":{"line":4,"column":15},"end":{"line":4,"column":16}},"loc":{"start":{"line":4,"column":53},"end":{"line":17,"column":1}},"line":4},"1":{"name":"(anonymous_1)","decl":{"start":{"line":19,"column":16},"end":{"line":19,"column":17}},"loc":{"start":{"line":19,"column":55},"end":{"line":40,"column":1}},"line":19},"2":{"name":"(anonymous_2)","decl":{"start":{"line":42,"column":15},"end":{"line":42,"column":16}},"loc":{"start":{"line":42,"column":52},"end":{"line":55,"column":1}},"line":42},"3":{"name":"(anonymous_3)","decl":{"start":{"line":57,"column":15},"end":{"line":57,"column":16}},"loc":{"start":{"line":57,"column":54},"end":{"line":76,"column":1}},"line":57},"4":{"name":"(anonymous_4)","decl":{"start":{"line":78,"column":15},"end":{"line":78,"column":16}},"loc":{"start":{"line":78,"column":60},"end":{"line":110,"column":1}},"line":78}},"branchMap":{"0":{"loc":{"start":{"line":22,"column":4},"end":{"line":36,"column":5}},"type":"if","locations":[{"start":{"line":22,"column":4},"end":{"line":36,"column":5}},{"start":{"line":22,"column":4},"end":{"line":36,"column":5}}],"line":22},"1":{"loc":{"start":{"line":60,"column":4},"end":{"line":72,"column":5}},"type":"if","locations":[{"start":{"line":60,"column":4},"end":{"line":72,"column":5}},{"start":{"line":60,"column":4},"end":{"line":72,"column":5}}],"line":60},"2":{"loc":{"start":{"line":80,"column":4},"end":{"line":86,"column":5}},"type":"if","locations":[{"start":{"line":80,"column":4},"end":{"line":86,"column":5}},{"start":{"line":80,"column":4},"end":{"line":86,"column":5}}],"line":80},"3":{"loc":{"start":{"line":80,"column":8},"end":{"line":80,"column":48}},"type":"binary-expr","locations":[{"start":{"line":80,"column":8},"end":{"line":80,"column":18}},{"start":{"line":80,"column":22},"end":{"line":80,"column":33}},{"start":{"line":80,"column":37},"end":{"line":80,"column":48}}],"line":80},"4":{"loc":{"start":{"line":92,"column":4},"end":{"line":106,"column":5}},"type":"if","locations":[{"start":{"line":92,"column":4},"end":{"line":106,"column":5}},{"start":{"line":92,"column":4},"end":{"line":106,"column":5}}],"line":92}},"s":{"0":2,"1":2,"2":2,"3":1,"4":1,"5":1,"6":0,"7":2,"8":2,"9":2,"10":2,"11":1,"12":1,"13":0,"14":2,"15":1,"16":1,"17":1,"18":0,"19":2,"20":2,"21":2,"22":2,"23":1,"24":1,"25":0,"26":2,"27":2,"28":2,"29":0,"30":2,"31":2,"32":1,"33":1,"34":0,"35":2},"f":{"0":1,"1":2,"2":1,"3":2,"4":2},"b":{"0":[1,1],"1":[1,1],"2":[0,2],"3":[2,0,0],"4":[1,1]},"_coverageSchema":"1a1c01bbd47fc00a2c39e90264f33305004495a9","hash":"4d036130307e01d6c3040442ee25aa736805bb56"}
,"C:\\Users\\35088\\Desktop\\GoIt-22\\node\\nodejs-hw2-6\\controllers\\users.js": {"path":"C:\\Users\\35088\\Desktop\\GoIt-22\\node\\nodejs-hw2-6\\controllers\\users.js","statementMap":{"0":{"start":{"line":1,"column":12},"end":{"line":1,"column":35}},"1":{"start":{"line":2,"column":14},"end":{"line":2,"column":39}},"2":{"start":{"line":3,"column":11},"end":{"line":3,"column":33}},"3":{"start":{"line":4,"column":13},"end":{"line":4,"column":28}},"4":{"start":{"line":5,"column":13},"end":{"line":5,"column":28}},"5":{"start":{"line":6,"column":23},"end":{"line":6,"column":38}},"6":{"start":{"line":7,"column":26},"end":{"line":7,"column":58}},"7":{"start":{"line":8,"column":21},"end":{"line":8,"column":52}},"8":{"start":{"line":9,"column":21},"end":{"line":9,"column":49}},"9":{"start":{"line":10,"column":0},"end":{"line":10,"column":27}},"10":{"start":{"line":12,"column":19},"end":{"line":12,"column":41}},"11":{"start":{"line":13,"column":13},"end":{"line":13,"column":29}},"12":{"start":{"line":15,"column":12},"end":{"line":45,"column":1}},"13":{"start":{"line":16,"column":2},"end":{"line":44,"column":3}},"14":{"start":{"line":17,"column":17},"end":{"line":17,"column":52}},"15":{"start":{"line":18,"column":4},"end":{"line":24,"column":5}},"16":{"start":{"line":19,"column":6},"end":{"line":23,"column":9}},"17":{"start":{"line":25,"column":30},"end":{"line":25,"column":38}},"18":{"start":{"line":26,"column":25},"end":{"line":26,"column":63}},"19":{"start":{"line":27,"column":4},"end":{"line":27,"column":64}},"20":{"start":{"line":28,"column":20},"end":{"line":32,"column":6}},"21":{"start":{"line":33,"column":4},"end":{"line":41,"column":7}},"22":{"start":{"line":43,"column":4},"end":{"line":43,"column":12}},"23":{"start":{"line":47,"column":14},"end":{"line":84,"column":1}},"24":{"start":{"line":48,"column":2},"end":{"line":83,"column":3}},"25":{"start":{"line":49,"column":17},"end":{"line":49,"column":52}},"26":{"start":{"line":50,"column":28},"end":{"line":50,"column":68}},"27":{"start":{"line":51,"column":4},"end":{"line":57,"column":5}},"28":{"start":{"line":52,"column":6},"end":{"line":56,"column":9}},"29":{"start":{"line":58,"column":4},"end":{"line":64,"column":5}},"30":{"start":{"line":59,"column":6},"end":{"line":63,"column":9}},"31":{"start":{"line":65,"column":15},"end":{"line":65,"column":23}},"32":{"start":{"line":66,"column":20},"end":{"line":66,"column":26}},"33":{"start":{"line":67,"column":18},"end":{"line":67,"column":68}},"34":{"start":{"line":68,"column":4},"end":{"line":68,"column":39}},"35":{"start":{"line":69,"column":4},"end":{"line":80,"column":7}},"36":{"start":{"line":82,"column":4},"end":{"line":82,"column":12}},"37":{"start":{"line":86,"column":15},"end":{"line":101,"column":1}},"38":{"start":{"line":87,"column":2},"end":{"line":100,"column":3}},"39":{"start":{"line":88,"column":24},"end":{"line":88,"column":54}},"40":{"start":{"line":89,"column":4},"end":{"line":95,"column":5}},"41":{"start":{"line":90,"column":6},"end":{"line":94,"column":9}},"42":{"start":{"line":96,"column":4},"end":{"line":96,"column":43}},"43":{"start":{"line":97,"column":4},"end":{"line":97,"column":52}},"44":{"start":{"line":99,"column":4},"end":{"line":99,"column":12}},"45":{"start":{"line":103,"column":16},"end":{"line":123,"column":1}},"46":{"start":{"line":104,"column":2},"end":{"line":122,"column":3}},"47":{"start":{"line":105,"column":24},"end":{"line":105,"column":54}},"48":{"start":{"line":106,"column":4},"end":{"line":112,"column":5}},"49":{"start":{"line":107,"column":6},"end":{"line":111,"column":9}},"50":{"start":{"line":113,"column":4},"end":{"line":119,"column":7}},"51":{"start":{"line":121,"column":4},"end":{"line":121,"column":12}},"52":{"start":{"line":125,"column":27},"end":{"line":140,"column":1}},"53":{"start":{"line":126,"column":2},"end":{"line":139,"column":3}},"54":{"start":{"line":127,"column":4},"end":{"line":127,"column":67}},"55":{"start":{"line":128,"column":24},"end":{"line":128,"column":54}},"56":{"start":{"line":129,"column":4},"end":{"line":136,"column":7}},"57":{"start":{"line":138,"column":4},"end":{"line":138,"column":12}},"58":{"start":{"line":142,"column":16},"end":{"line":156,"column":1}},"59":{"start":{"line":143,"column":2},"end":{"line":155,"column":3}},"60":{"start":{"line":144,"column":22},"end":{"line":144,"column":51}},"61":{"start":{"line":145,"column":4},"end":{"line":145,"column":57}},"62":{"start":{"line":146,"column":4},"end":{"line":152,"column":7}},"63":{"start":{"line":154,"column":4},"end":{"line":154,"column":12}},"64":{"start":{"line":158,"column":27},"end":{"line":177,"column":1}},"65":{"start":{"line":159,"column":28},"end":{"line":159,"column":57}},"66":{"start":{"line":160,"column":24},"end":{"line":160,"column":60}},"67":{"start":{"line":161,"column":14},"end":{"line":161,"column":40}},"68":{"start":{"line":162,"column":2},"end":{"line":165,"column":27}},"69":{"start":{"line":167,"column":2},"end":{"line":167,"column":66}},"70":{"start":{"line":168,"column":2},"end":{"line":171,"column":4}},"71":{"start":{"line":172,"column":20},"end":{"line":174,"column":3}},"72":{"start":{"line":176,"column":2},"end":{"line":176,"column":19}},"73":{"start":{"line":179,"column":20},"end":{"line":200,"column":1}},"74":{"start":{"line":180,"column":2},"end":{"line":199,"column":3}},"75":{"start":{"line":181,"column":17},"end":{"line":183,"column":5}},"76":{"start":{"line":184,"column":4},"end":{"line":191,"column":5}},"77":{"start":{"line":185,"column":6},"end":{"line":185,"column":58}},"78":{"start":{"line":186,"column":6},"end":{"line":190,"column":9}},"79":{"start":{"line":192,"column":4},"end":{"line":196,"column":7}},"80":{"start":{"line":198,"column":4},"end":{"line":198,"column":12}},"81":{"start":{"line":202,"column":0},"end":{"line":210,"column":2}}},"fnMap":{"0":{"name":"(anonymous_0)","decl":{"start":{"line":15,"column":12},"end":{"line":15,"column":13}},"loc":{"start":{"line":15,"column":43},"end":{"line":45,"column":1}},"line":15},"1":{"name":"(anonymous_1)","decl":{"start":{"line":47,"column":14},"end":{"line":47,"column":15}},"loc":{"start":{"line":47,"column":45},"end":{"line":84,"column":1}},"line":47},"2":{"name":"(anonymous_2)","decl":{"start":{"line":86,"column":15},"end":{"line":86,"column":16}},"loc":{"start":{"line":86,"column":46},"end":{"line":101,"column":1}},"line":86},"3":{"name":"(anonymous_3)","decl":{"start":{"line":103,"column":16},"end":{"line":103,"column":17}},"loc":{"start":{"line":103,"column":47},"end":{"line":123,"column":1}},"line":103},"4":{"name":"(anonymous_4)","decl":{"start":{"line":125,"column":27},"end":{"line":125,"column":28}},"loc":{"start":{"line":125,"column":64},"end":{"line":140,"column":1}},"line":125},"5":{"name":"(anonymous_5)","decl":{"start":{"line":142,"column":16},"end":{"line":142,"column":17}},"loc":{"start":{"line":142,"column":42},"end":{"line":156,"column":1}},"line":142},"6":{"name":"(anonymous_6)","decl":{"start":{"line":158,"column":27},"end":{"line":158,"column":28}},"loc":{"start":{"line":158,"column":53},"end":{"line":177,"column":1}},"line":158},"7":{"name":"(anonymous_7)","decl":{"start":{"line":179,"column":20},"end":{"line":179,"column":21}},"loc":{"start":{"line":179,"column":46},"end":{"line":200,"column":1}},"line":179}},"branchMap":{"0":{"loc":{"start":{"line":18,"column":4},"end":{"line":24,"column":5}},"type":"if","locations":[{"start":{"line":18,"column":4},"end":{"line":24,"column":5}},{"start":{"line":18,"column":4},"end":{"line":24,"column":5}}],"line":18},"1":{"loc":{"start":{"line":51,"column":4},"end":{"line":57,"column":5}},"type":"if","locations":[{"start":{"line":51,"column":4},"end":{"line":57,"column":5}},{"start":{"line":51,"column":4},"end":{"line":57,"column":5}}],"line":51},"2":{"loc":{"start":{"line":51,"column":8},"end":{"line":51,"column":33}},"type":"binary-expr","locations":[{"start":{"line":51,"column":8},"end":{"line":51,"column":13}},{"start":{"line":51,"column":17},"end":{"line":51,"column":33}}],"line":51},"3":{"loc":{"start":{"line":58,"column":4},"end":{"line":64,"column":5}},"type":"if","locations":[{"start":{"line":58,"column":4},"end":{"line":64,"column":5}},{"start":{"line":58,"column":4},"end":{"line":64,"column":5}}],"line":58},"4":{"loc":{"start":{"line":89,"column":4},"end":{"line":95,"column":5}},"type":"if","locations":[{"start":{"line":89,"column":4},"end":{"line":95,"column":5}},{"start":{"line":89,"column":4},"end":{"line":95,"column":5}}],"line":89},"5":{"loc":{"start":{"line":106,"column":4},"end":{"line":112,"column":5}},"type":"if","locations":[{"start":{"line":106,"column":4},"end":{"line":112,"column":5}},{"start":{"line":106,"column":4},"end":{"line":112,"column":5}}],"line":106},"6":{"loc":{"start":{"line":184,"column":4},"end":{"line":191,"column":5}},"type":"if","locations":[{"start":{"line":184,"column":4},"end":{"line":191,"column":5}},{"start":{"line":184,"column":4},"end":{"line":191,"column":5}}],"line":184}},"s":{"0":2,"1":2,"2":2,"3":2,"4":2,"5":2,"6":2,"7":2,"8":2,"9":2,"10":2,"11":2,"12":2,"13":2,"14":2,"15":2,"16":1,"17":1,"18":1,"19":1,"20":1,"21":1,"22":0,"23":2,"24":4,"25":4,"26":4,"27":4,"28":2,"29":2,"30":1,"31":1,"32":1,"33":1,"34":1,"35":1,"36":0,"37":2,"38":1,"39":1,"40":1,"41":0,"42":1,"43":1,"44":0,"45":2,"46":1,"47":1,"48":1,"49":0,"50":1,"51":0,"52":2,"53":1,"54":1,"55":1,"56":1,"57":0,"58":2,"59":1,"60":1,"61":1,"62":1,"63":0,"64":2,"65":1,"66":1,"67":1,"68":1,"69":1,"70":1,"71":1,"72":1,"73":2,"74":2,"75":2,"76":2,"77":1,"78":1,"79":1,"80":0,"81":2},"f":{"0":2,"1":4,"2":1,"3":1,"4":1,"5":1,"6":1,"7":2},"b":{"0":[1,1],"1":[2,2],"2":[4,3],"3":[1,1],"4":[0,1],"5":[0,1],"6":[1,1]},"_coverageSchema":"1a1c01bbd47fc00a2c39e90264f33305004495a9","hash":"19a42c301592a65a7867d9fada3ae2efa6ddb12e"}
,"C:\\Users\\35088\\Desktop\\GoIt-22\\node\\nodejs-hw2-6\\helpers\\constants.js": {"path":"C:\\Users\\35088\\Desktop\\GoIt-22\\node\\nodejs-hw2-6\\helpers\\constants.js","statementMap":{"0":{"start":{"line":1,"column":21},"end":{"line":5,"column":1}},"1":{"start":{"line":7,"column":17},"end":{"line":17,"column":1}},"2":{"start":{"line":19,"column":15},"end":{"line":22,"column":1}},"3":{"start":{"line":24,"column":0},"end":{"line":28,"column":2}}},"fnMap":{},"branchMap":{},"s":{"0":2,"1":2,"2":2,"3":2},"f":{},"b":{},"_coverageSchema":"1a1c01bbd47fc00a2c39e90264f33305004495a9","hash":"82cd6e0fb560ecb7d48453e923caa4a5da2ccc7c"}
,"C:\\Users\\35088\\Desktop\\GoIt-22\\node\\nodejs-hw2-6\\helpers\\create-dir.js": {"path":"C:\\Users\\35088\\Desktop\\GoIt-22\\node\\nodejs-hw2-6\\helpers\\create-dir.js","statementMap":{"0":{"start":{"line":1,"column":11},"end":{"line":1,"column":33}},"1":{"start":{"line":3,"column":21},"end":{"line":10,"column":1}},"2":{"start":{"line":4,"column":2},"end":{"line":9,"column":3}},"3":{"start":{"line":5,"column":4},"end":{"line":5,"column":26}},"4":{"start":{"line":6,"column":4},"end":{"line":6,"column":16}},"5":{"start":{"line":8,"column":4},"end":{"line":8,"column":17}},"6":{"start":{"line":12,"column":26},"end":{"line":16,"column":1}},"7":{"start":{"line":13,"column":2},"end":{"line":15,"column":3}},"8":{"start":{"line":14,"column":4},"end":{"line":14,"column":27}},"9":{"start":{"line":18,"column":0},"end":{"line":18,"column":35}}},"fnMap":{"0":{"name":"(anonymous_0)","decl":{"start":{"line":3,"column":21},"end":{"line":3,"column":22}},"loc":{"start":{"line":3,"column":37},"end":{"line":10,"column":1}},"line":3},"1":{"name":"(anonymous_1)","decl":{"start":{"line":12,"column":26},"end":{"line":12,"column":27}},"loc":{"start":{"line":12,"column":44},"end":{"line":16,"column":1}},"line":12}},"branchMap":{"0":{"loc":{"start":{"line":13,"column":2},"end":{"line":15,"column":3}},"type":"if","locations":[{"start":{"line":13,"column":2},"end":{"line":15,"column":3}},{"start":{"line":13,"column":2},"end":{"line":15,"column":3}}],"line":13}},"s":{"0":2,"1":2,"2":1,"3":1,"4":1,"5":0,"6":2,"7":1,"8":0,"9":2},"f":{"0":1,"1":1},"b":{"0":[0,1]},"_coverageSchema":"1a1c01bbd47fc00a2c39e90264f33305004495a9","hash":"99b95a60c2568b6ad69704454c7d6f6d16798941"}
,"C:\\Users\\35088\\Desktop\\GoIt-22\\node\\nodejs-hw2-6\\helpers\\guard.js": {"path":"C:\\Users\\35088\\Desktop\\GoIt-22\\node\\nodejs-hw2-6\\helpers\\guard.js","statementMap":{"0":{"start":{"line":1,"column":17},"end":{"line":1,"column":36}},"1":{"start":{"line":2,"column":0},"end":{"line":2,"column":30}},"2":{"start":{"line":3,"column":29},"end":{"line":3,"column":51}},"3":{"start":{"line":5,"column":14},"end":{"line":21,"column":1}},"4":{"start":{"line":6,"column":2},"end":{"line":20,"column":21}},"5":{"start":{"line":7,"column":18},"end":{"line":7,"column":57}},"6":{"start":{"line":9,"column":4},"end":{"line":16,"column":5}},"7":{"start":{"line":10,"column":6},"end":{"line":15,"column":9}},"8":{"start":{"line":18,"column":4},"end":{"line":18,"column":20}},"9":{"start":{"line":19,"column":4},"end":{"line":19,"column":18}},"10":{"start":{"line":23,"column":0},"end":{"line":23,"column":23}}},"fnMap":{"0":{"name":"(anonymous_0)","decl":{"start":{"line":5,"column":14},"end":{"line":5,"column":15}},"loc":{"start":{"line":5,"column":34},"end":{"line":21,"column":1}},"line":5},"1":{"name":"(anonymous_1)","decl":{"start":{"line":6,"column":51},"end":{"line":6,"column":52}},"loc":{"start":{"line":6,"column":66},"end":{"line":20,"column":3}},"line":6}},"branchMap":{"0":{"loc":{"start":{"line":9,"column":4},"end":{"line":16,"column":5}},"type":"if","locations":[{"start":{"line":9,"column":4},"end":{"line":16,"column":5}},{"start":{"line":9,"column":4},"end":{"line":16,"column":5}}],"line":9},"1":{"loc":{"start":{"line":9,"column":8},"end":{"line":9,"column":44}},"type":"binary-expr","locations":[{"start":{"line":9,"column":8},"end":{"line":9,"column":13}},{"start":{"line":9,"column":17},"end":{"line":9,"column":20}},{"start":{"line":9,"column":24},"end":{"line":9,"column":44}}],"line":9}},"s":{"0":2,"1":2,"2":2,"3":2,"4":22,"5":22,"6":22,"7":2,"8":20,"9":20,"10":2},"f":{"0":22,"1":22},"b":{"0":[2,20],"1":[22,20,20]},"_coverageSchema":"1a1c01bbd47fc00a2c39e90264f33305004495a9","hash":"6bb24297c433d26ff0f1d27fe8ffb80633f77490"}
,"C:\\Users\\35088\\Desktop\\GoIt-22\\node\\nodejs-hw2-6\\helpers\\rate-limit-reg.js": {"path":"C:\\Users\\35088\\Desktop\\GoIt-22\\node\\nodejs-hw2-6\\helpers\\rate-limit-reg.js","statementMap":{"0":{"start":{"line":1,"column":18},"end":{"line":1,"column":47}},"1":{"start":{"line":2,"column":29},"end":{"line":2,"column":51}},"2":{"start":{"line":4,"column":29},"end":{"line":15,"column":2}},"3":{"start":{"line":8,"column":4},"end":{"line":13,"column":7}},"4":{"start":{"line":17,"column":0},"end":{"line":17,"column":42}}},"fnMap":{"0":{"name":"(anonymous_0)","decl":{"start":{"line":7,"column":11},"end":{"line":7,"column":12}},"loc":{"start":{"line":7,"column":33},"end":{"line":14,"column":3}},"line":7}},"branchMap":{},"s":{"0":2,"1":2,"2":2,"3":0,"4":2},"f":{"0":0},"b":{},"_coverageSchema":"1a1c01bbd47fc00a2c39e90264f33305004495a9","hash":"0e72b0a3a3176056fd9b3680256323e7286f510e"}
,"C:\\Users\\35088\\Desktop\\GoIt-22\\node\\nodejs-hw2-6\\helpers\\upload.js": {"path":"C:\\Users\\35088\\Desktop\\GoIt-22\\node\\nodejs-hw2-6\\helpers\\upload.js","statementMap":{"0":{"start":{"line":1,"column":15},"end":{"line":1,"column":32}},"1":{"start":{"line":2,"column":13},"end":{"line":2,"column":28}},"2":{"start":{"line":3,"column":0},"end":{"line":3,"column":27}},"3":{"start":{"line":5,"column":19},"end":{"line":5,"column":67}},"4":{"start":{"line":7,"column":16},"end":{"line":14,"column":2}},"5":{"start":{"line":9,"column":4},"end":{"line":9,"column":25}},"6":{"start":{"line":12,"column":4},"end":{"line":12,"column":32}},"7":{"start":{"line":16,"column":15},"end":{"line":26,"column":2}},"8":{"start":{"line":20,"column":4},"end":{"line":23,"column":5}},"9":{"start":{"line":21,"column":6},"end":{"line":21,"column":21}},"10":{"start":{"line":22,"column":6},"end":{"line":22,"column":13}},"11":{"start":{"line":24,"column":4},"end":{"line":24,"column":20}},"12":{"start":{"line":28,"column":0},"end":{"line":28,"column":24}}},"fnMap":{"0":{"name":"(anonymous_0)","decl":{"start":{"line":8,"column":15},"end":{"line":8,"column":16}},"loc":{"start":{"line":8,"column":42},"end":{"line":10,"column":3}},"line":8},"1":{"name":"(anonymous_1)","decl":{"start":{"line":11,"column":12},"end":{"line":11,"column":13}},"loc":{"start":{"line":11,"column":38},"end":{"line":13,"column":3}},"line":11},"2":{"name":"(anonymous_2)","decl":{"start":{"line":19,"column":14},"end":{"line":19,"column":15}},"loc":{"start":{"line":19,"column":34},"end":{"line":25,"column":3}},"line":19}},"branchMap":{"0":{"loc":{"start":{"line":20,"column":4},"end":{"line":23,"column":5}},"type":"if","locations":[{"start":{"line":20,"column":4},"end":{"line":23,"column":5}},{"start":{"line":20,"column":4},"end":{"line":23,"column":5}}],"line":20}},"s":{"0":2,"1":2,"2":2,"3":2,"4":2,"5":1,"6":1,"7":2,"8":2,"9":1,"10":1,"11":1,"12":2},"f":{"0":1,"1":1,"2":2},"b":{"0":[1,1]},"_coverageSchema":"1a1c01bbd47fc00a2c39e90264f33305004495a9","hash":"60cb8f66e07b9f4a929db838af37b0f89753a51a"}
,"C:\\Users\\35088\\Desktop\\GoIt-22\\node\\nodejs-hw2-6\\routes\\api\\contacts\\index.js": {"path":"C:\\Users\\35088\\Desktop\\GoIt-22\\node\\nodejs-hw2-6\\routes\\api\\contacts\\index.js","statementMap":{"0":{"start":{"line":1,"column":16},"end":{"line":1,"column":34}},"1":{"start":{"line":2,"column":15},"end":{"line":2,"column":31}},"2":{"start":{"line":4,"column":27},"end":{"line":4,"column":67}},"3":{"start":{"line":5,"column":14},"end":{"line":5,"column":47}},"4":{"start":{"line":6,"column":17},"end":{"line":6,"column":40}},"5":{"start":{"line":8,"column":0},"end":{"line":10,"column":46}},"6":{"start":{"line":12,"column":0},"end":{"line":20,"column":59}},"7":{"start":{"line":22,"column":0},"end":{"line":22,"column":24}}},"fnMap":{},"branchMap":{},"s":{"0":2,"1":2,"2":2,"3":2,"4":2,"5":2,"6":2,"7":2},"f":{},"b":{},"_coverageSchema":"1a1c01bbd47fc00a2c39e90264f33305004495a9","hash":"ec03fe0d076d725db101a0c9bce6437b9cf194fd"}
,"C:\\Users\\35088\\Desktop\\GoIt-22\\node\\nodejs-hw2-6\\routes\\api\\contacts\\validation.js": {"path":"C:\\Users\\35088\\Desktop\\GoIt-22\\node\\nodejs-hw2-6\\routes\\api\\contacts\\validation.js","statementMap":{"0":{"start":{"line":1,"column":12},"end":{"line":1,"column":26}},"1":{"start":{"line":2,"column":21},"end":{"line":2,"column":58}},"2":{"start":{"line":4,"column":28},"end":{"line":12,"column":2}},"3":{"start":{"line":14,"column":28},"end":{"line":22,"column":2}},"4":{"start":{"line":24,"column":17},"end":{"line":34,"column":1}},"5":{"start":{"line":25,"column":20},"end":{"line":25,"column":40}},"6":{"start":{"line":26,"column":2},"end":{"line":32,"column":3}},"7":{"start":{"line":27,"column":26},"end":{"line":27,"column":39}},"8":{"start":{"line":28,"column":4},"end":{"line":31,"column":7}},"9":{"start":{"line":33,"column":2},"end":{"line":33,"column":9}},"10":{"start":{"line":37,"column":2},"end":{"line":37,"column":55}},"11":{"start":{"line":41,"column":2},"end":{"line":41,"column":55}},"12":{"start":{"line":44,"column":0},"end":{"line":47,"column":2}}},"fnMap":{"0":{"name":"(anonymous_0)","decl":{"start":{"line":24,"column":17},"end":{"line":24,"column":18}},"loc":{"start":{"line":24,"column":40},"end":{"line":34,"column":1}},"line":24},"1":{"name":"createContact","decl":{"start":{"line":36,"column":9},"end":{"line":36,"column":22}},"loc":{"start":{"line":36,"column":40},"end":{"line":38,"column":1}},"line":36},"2":{"name":"updateContact","decl":{"start":{"line":40,"column":9},"end":{"line":40,"column":22}},"loc":{"start":{"line":40,"column":40},"end":{"line":42,"column":1}},"line":40}},"branchMap":{"0":{"loc":{"start":{"line":26,"column":2},"end":{"line":32,"column":3}},"type":"if","locations":[{"start":{"line":26,"column":2},"end":{"line":32,"column":3}},{"start":{"line":26,"column":2},"end":{"line":32,"column":3}}],"line":26}},"s":{"0":2,"1":2,"2":2,"3":2,"4":2,"5":8,"6":8,"7":5,"8":5,"9":3,"10":5,"11":3,"12":2},"f":{"0":8,"1":5,"2":3},"b":{"0":[5,3]},"_coverageSchema":"1a1c01bbd47fc00a2c39e90264f33305004495a9","hash":"b39dc0507380fc9f8708540c2da8eed3ad0f529c"}
,"C:\\Users\\35088\\Desktop\\GoIt-22\\node\\nodejs-hw2-6\\routes\\api\\users\\index.js": {"path":"C:\\Users\\35088\\Desktop\\GoIt-22\\node\\nodejs-hw2-6\\routes\\api\\users\\index.js","statementMap":{"0":{"start":{"line":1,"column":16},"end":{"line":1,"column":34}},"1":{"start":{"line":2,"column":15},"end":{"line":2,"column":31}},"2":{"start":{"line":3,"column":23},"end":{"line":3,"column":60}},"3":{"start":{"line":4,"column":14},"end":{"line":4,"column":47}},"4":{"start":{"line":5,"column":15},"end":{"line":5,"column":49}},"5":{"start":{"line":6,"column":17},"end":{"line":6,"column":40}},"6":{"start":{"line":7,"column":33},"end":{"line":7,"column":75}},"7":{"start":{"line":9,"column":0},"end":{"line":14,"column":2}},"8":{"start":{"line":15,"column":0},"end":{"line":15,"column":64}},"9":{"start":{"line":16,"column":0},"end":{"line":16,"column":58}},"10":{"start":{"line":17,"column":0},"end":{"line":17,"column":54}},"11":{"start":{"line":18,"column":0},"end":{"line":22,"column":2}},"12":{"start":{"line":23,"column":0},"end":{"line":27,"column":2}},"13":{"start":{"line":28,"column":0},"end":{"line":28,"column":74}},"14":{"start":{"line":29,"column":0},"end":{"line":29,"column":24}}},"fnMap":{},"branchMap":{},"s":{"0":2,"1":2,"2":2,"3":2,"4":2,"5":2,"6":2,"7":2,"8":2,"9":2,"10":2,"11":2,"12":2,"13":2,"14":2},"f":{},"b":{},"_coverageSchema":"1a1c01bbd47fc00a2c39e90264f33305004495a9","hash":"5e13160fbd20306f5583e1d2d2d817fa745ad6bb"}
,"C:\\Users\\35088\\Desktop\\GoIt-22\\node\\nodejs-hw2-6\\routes\\api\\users\\validation.js": {"path":"C:\\Users\\35088\\Desktop\\GoIt-22\\node\\nodejs-hw2-6\\routes\\api\\users\\validation.js","statementMap":{"0":{"start":{"line":1,"column":12},"end":{"line":1,"column":26}},"1":{"start":{"line":2,"column":35},"end":{"line":2,"column":72}},"2":{"start":{"line":4,"column":19},"end":{"line":7,"column":2}},"3":{"start":{"line":9,"column":33},"end":{"line":15,"column":2}},"4":{"start":{"line":17,"column":17},"end":{"line":27,"column":1}},"5":{"start":{"line":18,"column":20},"end":{"line":18,"column":40}},"6":{"start":{"line":19,"column":2},"end":{"line":25,"column":3}},"7":{"start":{"line":20,"column":26},"end":{"line":20,"column":39}},"8":{"start":{"line":21,"column":4},"end":{"line":24,"column":7}},"9":{"start":{"line":26,"column":2},"end":{"line":26,"column":9}},"10":{"start":{"line":30,"column":2},"end":{"line":30,"column":46}},"11":{"start":{"line":33,"column":2},"end":{"line":33,"column":60}},"12":{"start":{"line":37,"column":2},"end":{"line":42,"column":3}},"13":{"start":{"line":38,"column":4},"end":{"line":41,"column":7}},"14":{"start":{"line":43,"column":2},"end":{"line":43,"column":9}},"15":{"start":{"line":46,"column":0},"end":{"line":50,"column":2}}},"fnMap":{"0":{"name":"(anonymous_0)","decl":{"start":{"line":17,"column":17},"end":{"line":17,"column":18}},"loc":{"start":{"line":17,"column":40},"end":{"line":27,"column":1}},"line":17},"1":{"name":"user","decl":{"start":{"line":29,"column":9},"end":{"line":29,"column":13}},"loc":{"start":{"line":29,"column":31},"end":{"line":31,"column":1}},"line":29},"2":{"name":"subscriptionUpdate","decl":{"start":{"line":32,"column":9},"end":{"line":32,"column":27}},"loc":{"start":{"line":32,"column":45},"end":{"line":34,"column":1}},"line":32},"3":{"name":"uploadAvatar","decl":{"start":{"line":36,"column":9},"end":{"line":36,"column":21}},"loc":{"start":{"line":36,"column":39},"end":{"line":44,"column":1}},"line":36}},"branchMap":{"0":{"loc":{"start":{"line":19,"column":2},"end":{"line":25,"column":3}},"type":"if","locations":[{"start":{"line":19,"column":2},"end":{"line":25,"column":3}},{"start":{"line":19,"column":2},"end":{"line":25,"column":3}}],"line":19},"1":{"loc":{"start":{"line":37,"column":2},"end":{"line":42,"column":3}},"type":"if","locations":[{"start":{"line":37,"column":2},"end":{"line":42,"column":3}},{"start":{"line":37,"column":2},"end":{"line":42,"column":3}}],"line":37}},"s":{"0":2,"1":2,"2":2,"3":2,"4":2,"5":10,"6":10,"7":3,"8":3,"9":7,"10":8,"11":2,"12":3,"13":2,"14":1,"15":2},"f":{"0":10,"1":8,"2":2,"3":3},"b":{"0":[3,7],"1":[2,1]},"_coverageSchema":"1a1c01bbd47fc00a2c39e90264f33305004495a9","hash":"f01b056e7d80f12ce7779f0aa72c086df8902235"}
}
