TN:
SF:app.js
FN:24,(anonymous_0)
FN:38,(anonymous_1)
FN:42,(anonymous_2)
FNF:3
FNH:1
FNDA:0,(anonymous_0)
FNDA:0,(anonymous_1)
FNDA:10,(anonymous_2)
DA:1,2
DA:2,2
DA:3,2
DA:4,2
DA:5,2
DA:6,2
DA:7,2
DA:8,2
DA:9,2
DA:11,2
DA:13,2
DA:15,2
DA:16,2
DA:17,2
DA:18,2
DA:19,2
DA:21,2
DA:25,0
DA:34,2
DA:35,2
DA:36,2
DA:38,2
DA:39,0
DA:42,2
DA:43,10
DA:48,2
LF:26
LH:24
BRDA:13,0,0,0
BRDA:13,0,1,2
BRDA:44,1,0,10
BRDA:44,1,1,0
BRF:4
BRH:2
end_of_record
TN:
SF:config\passport.js
FN:14,(anonymous_0)
FNF:1
FNH:1
FNDA:20,(anonymous_0)
DA:1,2
DA:2,2
DA:3,2
DA:4,2
DA:6,2
DA:8,2
DA:13,2
DA:15,20
DA:16,20
DA:17,20
DA:18,0
DA:20,20
DA:21,0
DA:23,20
DA:25,0
LF:15
LH:12
BRDA:17,0,0,0
BRDA:17,0,1,20
BRDA:20,1,0,0
BRDA:20,1,1,20
BRF:4
BRH:2
end_of_record
TN:
SF:controllers\contacts.js
FN:4,(anonymous_0)
FN:19,(anonymous_1)
FN:42,(anonymous_2)
FN:57,(anonymous_3)
FN:78,(anonymous_4)
FNF:5
FNH:5
FNDA:1,(anonymous_0)
FNDA:2,(anonymous_1)
FNDA:1,(anonymous_2)
FNDA:2,(anonymous_3)
FNDA:2,(anonymous_4)
DA:1,2
DA:2,2
DA:4,2
DA:5,1
DA:6,1
DA:7,1
DA:15,0
DA:19,2
DA:20,2
DA:21,2
DA:22,2
DA:23,1
DA:31,1
DA:38,0
DA:42,2
DA:43,1
DA:44,1
DA:45,1
DA:53,0
DA:57,2
DA:58,2
DA:59,2
DA:60,2
DA:61,1
DA:67,1
DA:74,0
DA:78,2
DA:79,2
DA:80,2
DA:81,0
DA:87,2
DA:92,2
DA:93,1
DA:101,1
DA:108,0
DA:112,2
LF:36
LH:30
BRDA:22,0,0,1
BRDA:22,0,1,1
BRDA:60,1,0,1
BRDA:60,1,1,1
BRDA:80,2,0,0
BRDA:80,2,1,2
BRDA:80,3,0,2
BRDA:80,3,1,0
BRDA:80,3,2,0
BRDA:92,4,0,1
BRDA:92,4,1,1
BRF:11
BRH:8
end_of_record
TN:
SF:controllers\users.js
FN:15,(anonymous_0)
FN:47,(anonymous_1)
FN:86,(anonymous_2)
FN:103,(anonymous_3)
FN:125,(anonymous_4)
FN:142,(anonymous_5)
FN:158,(anonymous_6)
FN:179,(anonymous_7)
FNF:8
FNH:8
FNDA:2,(anonymous_0)
FNDA:4,(anonymous_1)
FNDA:1,(anonymous_2)
FNDA:1,(anonymous_3)
FNDA:1,(anonymous_4)
FNDA:1,(anonymous_5)
FNDA:1,(anonymous_6)
FNDA:2,(anonymous_7)
DA:1,2
DA:2,2
DA:3,2
DA:4,2
DA:5,2
DA:6,2
DA:7,2
DA:8,2
DA:9,2
DA:10,2
DA:12,2
DA:13,2
DA:15,2
DA:16,2
DA:17,2
DA:18,2
DA:19,1
DA:25,1
DA:26,1
DA:27,1
DA:28,1
DA:33,1
DA:43,0
DA:47,2
DA:48,4
DA:49,4
DA:50,4
DA:51,4
DA:52,2
DA:58,2
DA:59,1
DA:65,1
DA:66,1
DA:67,1
DA:68,1
DA:69,1
DA:82,0
DA:86,2
DA:87,1
DA:88,1
DA:89,1
DA:90,0
DA:96,1
DA:97,1
DA:99,0
DA:103,2
DA:104,1
DA:105,1
DA:106,1
DA:107,0
DA:113,1
DA:121,0
DA:125,2
DA:126,1
DA:127,1
DA:128,1
DA:129,1
DA:138,0
DA:142,2
DA:143,1
DA:144,1
DA:145,1
DA:146,1
DA:154,0
DA:158,2
DA:159,1
DA:160,1
DA:161,1
DA:162,1
DA:167,1
DA:168,1
DA:172,1
DA:176,1
DA:179,2
DA:180,2
DA:181,2
DA:184,2
DA:185,1
DA:186,1
DA:192,1
DA:198,0
DA:202,2
LF:82
LH:73
BRDA:18,0,0,1
BRDA:18,0,1,1
BRDA:51,1,0,2
BRDA:51,1,1,2
BRDA:51,2,0,4
BRDA:51,2,1,3
BRDA:58,3,0,1
BRDA:58,3,1,1
BRDA:89,4,0,0
BRDA:89,4,1,1
BRDA:106,5,0,0
BRDA:106,5,1,1
BRDA:184,6,0,1
BRDA:184,6,1,1
BRF:14
BRH:12
end_of_record
TN:
SF:helpers\constants.js
FNF:0
FNH:0
DA:1,2
DA:7,2
DA:19,2
DA:24,2
LF:4
LH:4
BRF:0
BRH:0
end_of_record
TN:
SF:helpers\create-dir.js
FN:3,(anonymous_0)
FN:12,(anonymous_1)
FNF:2
FNH:2
FNDA:1,(anonymous_0)
FNDA:1,(anonymous_1)
DA:1,2
DA:3,2
DA:4,1
DA:5,1
DA:6,1
DA:8,0
DA:12,2
DA:13,1
DA:14,0
DA:18,2
LF:10
LH:8
BRDA:13,0,0,0
BRDA:13,0,1,1
BRF:2
BRH:1
end_of_record
TN:
SF:helpers\guard.js
FN:5,(anonymous_0)
FN:6,(anonymous_1)
FNF:2
FNH:2
FNDA:22,(anonymous_0)
FNDA:22,(anonymous_1)
DA:1,2
DA:2,2
DA:3,2
DA:5,2
DA:6,22
DA:7,22
DA:9,22
DA:10,2
DA:18,20
DA:19,20
DA:23,2
LF:11
LH:11
BRDA:9,0,0,2
BRDA:9,0,1,20
BRDA:9,1,0,22
BRDA:9,1,1,20
BRDA:9,1,2,20
BRF:5
BRH:5
end_of_record
TN:
SF:helpers\rate-limit-reg.js
FN:7,(anonymous_0)
FNF:1
FNH:0
FNDA:0,(anonymous_0)
DA:1,2
DA:2,2
DA:4,2
DA:8,0
DA:17,2
LF:5
LH:4
BRF:0
BRH:0
end_of_record
TN:
SF:helpers\upload.js
FN:8,(anonymous_0)
FN:11,(anonymous_1)
FN:19,(anonymous_2)
FNF:3
FNH:3
FNDA:1,(anonymous_0)
FNDA:1,(anonymous_1)
FNDA:2,(anonymous_2)
DA:1,2
DA:2,2
DA:3,2
DA:5,2
DA:7,2
DA:9,1
DA:12,1
DA:16,2
DA:20,2
DA:21,1
DA:22,1
DA:24,1
DA:28,2
LF:13
LH:13
BRDA:20,0,0,1
BRDA:20,0,1,1
BRF:2
BRH:2
end_of_record
TN:
SF:routes\api\contacts\index.js
FNF:0
FNH:0
DA:1,2
DA:2,2
DA:4,2
DA:5,2
DA:6,2
DA:8,2
DA:12,2
DA:22,2
LF:8
LH:8
BRF:0
BRH:0
end_of_record
TN:
SF:routes\api\contacts\validation.js
FN:24,(anonymous_0)
FN:36,createContact
FN:40,updateContact
FNF:3
FNH:3
FNDA:8,(anonymous_0)
FNDA:5,createContact
FNDA:3,updateContact
DA:1,2
DA:2,2
DA:4,2
DA:14,2
DA:24,2
DA:25,8
DA:26,8
DA:27,5
DA:28,5
DA:33,3
DA:37,5
DA:41,3
DA:44,2
LF:13
LH:13
BRDA:26,0,0,5
BRDA:26,0,1,3
BRF:2
BRH:2
end_of_record
TN:
SF:routes\api\users\index.js
FNF:0
FNH:0
DA:1,2
DA:2,2
DA:3,2
DA:4,2
DA:5,2
DA:6,2
DA:7,2
DA:9,2
DA:15,2
DA:16,2
DA:17,2
DA:18,2
DA:23,2
DA:28,2
DA:29,2
LF:15
LH:15
BRF:0
BRH:0
end_of_record
TN:
SF:routes\api\users\validation.js
FN:17,(anonymous_0)
FN:29,user
FN:32,subscriptionUpdate
FN:36,uploadAvatar
FNF:4
FNH:4
FNDA:10,(anonymous_0)
FNDA:8,user
FNDA:2,subscriptionUpdate
FNDA:3,uploadAvatar
DA:1,2
DA:2,2
DA:4,2
DA:9,2
DA:17,2
DA:18,10
DA:19,10
DA:20,3
DA:21,3
DA:26,7
DA:30,8
DA:33,2
DA:37,3
DA:38,2
DA:43,1
DA:46,2
LF:16
LH:16
BRDA:19,0,0,3
BRDA:19,0,1,7
BRDA:37,1,0,2
BRDA:37,1,1,1
BRF:4
BRH:4
end_of_record
